2026-04-24 20:38:18,279 INFO o.a.j.u.JMeterUtils: Setting Locale to en_EN
2026-04-24 20:38:18,308 INFO o.a.j.JMeter: Loading user properties from: user.properties
2026-04-24 20:38:18,309 INFO o.a.j.JMeter: Loading system properties from: system.properties
2026-04-24 20:38:18,319 INFO o.a.j.JMeter: Copyright (c) 1998-2024 The Apache Software Foundation
2026-04-24 20:38:18,320 INFO o.a.j.JMeter: Version 5.6.3
2026-04-24 20:38:18,320 INFO o.a.j.JMeter: java.version=17.0.13
2026-04-24 20:38:18,320 INFO o.a.j.JMeter: java.vm.name=OpenJDK 64-Bit Server VM
2026-04-24 20:38:18,320 INFO o.a.j.JMeter: os.name=Windows 11
2026-04-24 20:38:18,320 INFO o.a.j.JMeter: os.arch=amd64
2026-04-24 20:38:18,320 INFO o.a.j.JMeter: os.version=10.0
2026-04-24 20:38:18,320 INFO o.a.j.JMeter: file.encoding=Cp1252
2026-04-24 20:38:18,320 INFO o.a.j.JMeter: java.awt.headless=null
2026-04-24 20:38:18,320 INFO o.a.j.JMeter: Max memory     =1073741824
2026-04-24 20:38:18,321 INFO o.a.j.JMeter: Available Processors =6
2026-04-24 20:38:18,334 INFO o.a.j.JMeter: Default Locale=English (EN)
2026-04-24 20:38:18,335 INFO o.a.j.JMeter: JMeter  Locale=English (EN)
2026-04-24 20:38:18,335 INFO o.a.j.JMeter: JMeterHome=C:\Users\hack4tahsin\Downloads\apache-jmeter-5.6.3
2026-04-24 20:38:18,335 INFO o.a.j.JMeter: user.dir  =C:\Users\hack4tahsin\Downloads\apache-jmeter-5.6.3\bin
2026-04-24 20:38:18,335 INFO o.a.j.JMeter: PWD       =C:\Users\hack4tahsin\Downloads\apache-jmeter-5.6.3\bin
2026-04-24 20:38:27,810 INFO o.a.j.JMeter: IP: 169.254.220.23 Name: tahsinahmed FullName: tahsinahmed
2026-04-24 20:38:27,866 INFO o.a.j.JMeter: Loaded icon properties from org/apache/jmeter/images/icon.properties
2026-04-24 20:38:28,260 INFO o.a.j.JMeterGuiLauncher: Setting LAF to: com.github.weisj.darklaf.DarkLaf:com.github.weisj.darklaf.theme.DarculaTheme
2026-04-24 20:39:02,379 INFO o.a.j.s.FileServer: Default base='C:\Users\hack4tahsin\Downloads\apache-jmeter-5.6.3\bin'
2026-04-24 20:39:02,381 INFO o.a.j.g.a.Load: Loading file: C:\Users\hack4tahsin\Downloads\apache-jmeter-5.6.3\bin\API Testing\API Testing.jmx
2026-04-24 20:39:02,382 INFO o.a.j.s.FileServer: Set new base='C:\Users\hack4tahsin\Downloads\apache-jmeter-5.6.3\bin\API Testing'
2026-04-24 20:39:02,571 INFO o.a.j.s.SaveService: Testplan (JMX) version: 2.2. Testlog (JTL) version: 2.2
2026-04-24 20:39:02,600 INFO o.a.j.s.SaveService: Using SaveService properties version 5.0
2026-04-24 20:39:02,601 INFO o.a.j.s.SaveService: Using SaveService properties file encoding UTF-8
2026-04-24 20:39:02,602 INFO o.a.j.s.SaveService: Loading file: C:\Users\hack4tahsin\Downloads\apache-jmeter-5.6.3\bin\API Testing\API Testing.jmx
2026-04-24 20:39:02,632 INFO o.a.j.p.h.s.HTTPSamplerBase: Parser for text/html is org.apache.jmeter.protocol.http.parser.LagartoBasedHtmlParser
2026-04-24 20:39:02,632 INFO o.a.j.p.h.s.HTTPSamplerBase: Parser for application/xhtml+xml is org.apache.jmeter.protocol.http.parser.LagartoBasedHtmlParser
2026-04-24 20:39:02,633 INFO o.a.j.p.h.s.HTTPSamplerBase: Parser for application/xml is org.apache.jmeter.protocol.http.parser.LagartoBasedHtmlParser
2026-04-24 20:39:02,633 INFO o.a.j.p.h.s.HTTPSamplerBase: Parser for text/xml is org.apache.jmeter.protocol.http.parser.LagartoBasedHtmlParser
2026-04-24 20:39:02,633 INFO o.a.j.p.h.s.HTTPSamplerBase: Parser for text/vnd.wap.wml is org.apache.jmeter.protocol.http.parser.RegexpHTMLParser
2026-04-24 20:39:02,633 INFO o.a.j.p.h.s.HTTPSamplerBase: Parser for text/css is org.apache.jmeter.protocol.http.parser.CssParser
2026-04-24 20:39:02,799 INFO o.a.j.s.SampleResult: Note: Sample TimeStamps are START times
2026-04-24 20:39:02,799 INFO o.a.j.s.SampleResult: sampleresult.default.encoding is set to UTF-8
2026-04-24 20:39:02,799 INFO o.a.j.s.SampleResult: sampleresult.useNanoTime=true
2026-04-24 20:39:02,799 INFO o.a.j.s.SampleResult: sampleresult.nanoThreadSleep=5000
2026-04-24 20:39:03,040 INFO o.a.j.s.FileServer: Set new base='C:\Users\hack4tahsin\Downloads\apache-jmeter-5.6.3\bin\API Testing'
2026-04-24 22:40:45,048 INFO o.a.j.e.StandardJMeterEngine: Running the test!
2026-04-24 22:40:45,049 INFO o.a.j.s.SampleEvent: List of sample_variables: []
2026-04-24 22:40:45,049 INFO o.a.j.s.SampleEvent: List of sample_variables: []
2026-04-24 22:40:45,050 INFO o.a.j.e.u.CompoundVariable: Note: Function class names must contain the string: '.functions.'
2026-04-24 22:40:45,050 INFO o.a.j.e.u.CompoundVariable: Note: Function class names must not contain the string: '.gui.'
2026-04-24 22:40:45,109 INFO o.a.j.g.u.JMeterMenuBar: setRunning(true, *local*)
2026-04-24 22:40:45,152 INFO o.a.j.e.StandardJMeterEngine: Starting ThreadGroup: 1 : Thread Group
2026-04-24 22:40:45,152 INFO o.a.j.e.StandardJMeterEngine: Starting 10 threads for group Thread Group.
2026-04-24 22:40:45,152 INFO o.a.j.e.StandardJMeterEngine: Thread will continue on error
2026-04-24 22:40:45,152 INFO o.a.j.t.ThreadGroup: Starting thread group... number=1 threads=10 ramp-up=1 delayedStart=false
2026-04-24 22:40:45,156 INFO o.a.j.t.JMeterThread: Thread started: Thread Group 1-1
2026-04-24 22:40:45,161 INFO o.a.j.t.ThreadGroup: Started thread group number 1
2026-04-24 22:40:45,161 INFO o.a.j.e.StandardJMeterEngine: All thread groups have been started
2026-04-24 22:40:45,174 INFO o.a.j.p.h.s.HTTPHCAbstractImpl: Local host = tahsinahmed
2026-04-24 22:40:45,181 INFO o.a.j.p.h.s.HTTPHC4Impl: HTTP request retry count = 0
2026-04-24 22:40:45,257 INFO o.a.j.t.JMeterThread: Thread started: Thread Group 1-2
2026-04-24 22:40:45,291 INFO o.a.j.p.h.s.h.LazyLayeredConnectionSocketFactory: Setting up HTTPS TrustAll Socket Factory
2026-04-24 22:40:45,298 INFO o.a.j.u.JsseSSLManager: Using default SSL protocol: TLS
2026-04-24 22:40:45,298 INFO o.a.j.u.JsseSSLManager: SSL session context: per-thread
2026-04-24 22:40:45,357 INFO o.a.j.t.JMeterThread: Thread started: Thread Group 1-3
2026-04-24 22:40:45,423 INFO o.a.j.u.SSLManager: JmeterKeyStore Location:  type JKS
2026-04-24 22:40:45,428 INFO o.a.j.u.SSLManager: KeyStore created OK
2026-04-24 22:40:45,428 WARN o.a.j.u.SSLManager: Keystore file not found, loading empty keystore
2026-04-24 22:40:45,458 INFO o.a.j.t.JMeterThread: Thread started: Thread Group 1-4
2026-04-24 22:40:45,556 INFO o.a.j.t.JMeterThread: Thread started: Thread Group 1-5
2026-04-24 22:40:45,662 INFO o.a.j.t.JMeterThread: Thread started: Thread Group 1-6
2026-04-24 22:40:45,755 INFO o.a.j.t.JMeterThread: Thread started: Thread Group 1-7
2026-04-24 22:40:45,856 INFO o.a.j.t.JMeterThread: Thread started: Thread Group 1-8
2026-04-24 22:40:45,956 INFO o.a.j.t.JMeterThread: Thread started: Thread Group 1-9
2026-04-24 22:40:46,022 INFO o.a.j.t.JMeterThread: Thread is done: Thread Group 1-4
2026-04-24 22:40:46,022 INFO o.a.j.t.JMeterThread: Thread finished: Thread Group 1-4
2026-04-24 22:40:46,027 INFO o.a.j.t.JMeterThread: Thread is done: Thread Group 1-6
2026-04-24 22:40:46,027 INFO o.a.j.t.JMeterThread: Thread finished: Thread Group 1-6
2026-04-24 22:40:46,031 INFO o.a.j.t.JMeterThread: Thread is done: Thread Group 1-5
2026-04-24 22:40:46,031 INFO o.a.j.t.JMeterThread: Thread finished: Thread Group 1-5
2026-04-24 22:40:46,036 INFO o.a.j.t.JMeterThread: Thread is done: Thread Group 1-1
2026-04-24 22:40:46,037 INFO o.a.j.t.JMeterThread: Thread finished: Thread Group 1-1
2026-04-24 22:40:46,042 INFO o.a.j.t.JMeterThread: Thread is done: Thread Group 1-7
2026-04-24 22:40:46,042 INFO o.a.j.t.JMeterThread: Thread finished: Thread Group 1-7
2026-04-24 22:40:46,044 INFO o.a.j.t.JMeterThread: Thread is done: Thread Group 1-3
2026-04-24 22:40:46,045 INFO o.a.j.t.JMeterThread: Thread finished: Thread Group 1-3
2026-04-24 22:40:46,047 INFO o.a.j.t.JMeterThread: Thread is done: Thread Group 1-2
2026-04-24 22:40:46,047 INFO o.a.j.t.JMeterThread: Thread finished: Thread Group 1-2
2026-04-24 22:40:46,055 INFO o.a.j.t.JMeterThread: Thread started: Thread Group 1-10
2026-04-24 22:40:46,140 INFO o.a.j.t.JMeterThread: Thread is done: Thread Group 1-8
2026-04-24 22:40:46,140 INFO o.a.j.t.JMeterThread: Thread finished: Thread Group 1-8
2026-04-24 22:40:46,258 INFO o.a.j.t.JMeterThread: Thread is done: Thread Group 1-9
2026-04-24 22:40:46,258 INFO o.a.j.t.JMeterThread: Thread finished: Thread Group 1-9
2026-04-24 22:40:46,346 INFO o.a.j.t.JMeterThread: Thread is done: Thread Group 1-10
2026-04-24 22:40:46,346 INFO o.a.j.t.JMeterThread: Thread finished: Thread Group 1-10
2026-04-24 22:40:46,347 INFO o.a.j.e.StandardJMeterEngine: Notifying test listeners of end of test
2026-04-24 22:40:46,347 INFO o.a.j.g.u.JMeterMenuBar: setRunning(false, *local*)
2026-04-24 22:41:05,848 INFO o.a.j.e.StandardJMeterEngine: Running the test!
2026-04-24 22:41:05,848 INFO o.a.j.s.SampleEvent: List of sample_variables: []
2026-04-24 22:41:05,848 INFO o.a.j.g.u.JMeterMenuBar: setRunning(true, *local*)
2026-04-24 22:41:05,879 INFO o.a.j.e.StandardJMeterEngine: Starting ThreadGroup: 1 : Thread Group
2026-04-24 22:41:05,879 INFO o.a.j.e.StandardJMeterEngine: Starting 10 threads for group Thread Group.
2026-04-24 22:41:05,879 INFO o.a.j.e.StandardJMeterEngine: Thread will continue on error
2026-04-24 22:41:05,879 INFO o.a.j.t.ThreadGroup: Starting thread group... number=1 threads=10 ramp-up=1 delayedStart=false
2026-04-24 22:41:05,881 INFO o.a.j.t.JMeterThread: Thread started: Thread Group 1-1
2026-04-24 22:41:05,882 INFO o.a.j.t.ThreadGroup: Started thread group number 1
2026-04-24 22:41:05,882 INFO o.a.j.e.StandardJMeterEngine: All thread groups have been started
2026-04-24 22:41:05,985 INFO o.a.j.t.JMeterThread: Thread started: Thread Group 1-2
2026-04-24 22:41:06,095 INFO o.a.j.t.JMeterThread: Thread started: Thread Group 1-3
2026-04-24 22:41:06,180 INFO o.a.j.t.JMeterThread: Thread is done: Thread Group 1-1
2026-04-24 22:41:06,180 INFO o.a.j.t.JMeterThread: Thread finished: Thread Group 1-1
2026-04-24 22:41:06,182 INFO o.a.j.t.JMeterThread: Thread started: Thread Group 1-4
2026-04-24 22:41:06,283 INFO o.a.j.t.JMeterThread: Thread is done: Thread Group 1-2
2026-04-24 22:41:06,283 INFO o.a.j.t.JMeterThread: Thread finished: Thread Group 1-2
2026-04-24 22:41:06,284 INFO o.a.j.t.JMeterThread: Thread started: Thread Group 1-5
2026-04-24 22:41:06,377 INFO o.a.j.t.JMeterThread: Thread is done: Thread Group 1-3
2026-04-24 22:41:06,377 INFO o.a.j.t.JMeterThread: Thread finished: Thread Group 1-3
2026-04-24 22:41:06,382 INFO o.a.j.t.JMeterThread: Thread started: Thread Group 1-6
2026-04-24 22:41:06,460 INFO o.a.j.t.JMeterThread: Thread is done: Thread Group 1-4
2026-04-24 22:41:06,460 INFO o.a.j.t.JMeterThread: Thread finished: Thread Group 1-4
2026-04-24 22:41:06,483 INFO o.a.j.t.JMeterThread: Thread started: Thread Group 1-7
2026-04-24 22:41:06,583 INFO o.a.j.t.JMeterThread: Thread started: Thread Group 1-8
2026-04-24 22:41:06,585 INFO o.a.j.t.JMeterThread: Thread is done: Thread Group 1-5
2026-04-24 22:41:06,585 INFO o.a.j.t.JMeterThread: Thread finished: Thread Group 1-5
2026-04-24 22:41:06,661 INFO o.a.j.t.JMeterThread: Thread is done: Thread Group 1-6
2026-04-24 22:41:06,661 INFO o.a.j.t.JMeterThread: Thread finished: Thread Group 1-6
2026-04-24 22:41:06,684 INFO o.a.j.t.JMeterThread: Thread started: Thread Group 1-9
2026-04-24 22:41:06,752 INFO o.a.j.t.JMeterThread: Thread is done: Thread Group 1-7
2026-04-24 22:41:06,752 INFO o.a.j.t.JMeterThread: Thread finished: Thread Group 1-7
2026-04-24 22:41:06,782 INFO o.a.j.t.JMeterThread: Thread started: Thread Group 1-10
2026-04-24 22:41:06,923 INFO o.a.j.t.JMeterThread: Thread is done: Thread Group 1-8
2026-04-24 22:41:06,923 INFO o.a.j.t.JMeterThread: Thread finished: Thread Group 1-8
2026-04-24 22:41:07,095 INFO o.a.j.t.JMeterThread: Thread is done: Thread Group 1-10
2026-04-24 22:41:07,095 INFO o.a.j.t.JMeterThread: Thread finished: Thread Group 1-10
2026-04-24 22:41:07,207 INFO o.a.j.t.JMeterThread: Thread is done: Thread Group 1-9
2026-04-24 22:41:07,207 INFO o.a.j.t.JMeterThread: Thread finished: Thread Group 1-9
2026-04-24 22:41:07,208 INFO o.a.j.e.StandardJMeterEngine: Notifying test listeners of end of test
2026-04-24 22:41:07,208 INFO o.a.j.g.u.JMeterMenuBar: setRunning(false, *local*)
2026-04-24 22:43:11,510 INFO o.a.j.e.StandardJMeterEngine: Running the test!
2026-04-24 22:43:11,510 INFO o.a.j.s.SampleEvent: List of sample_variables: []
2026-04-24 22:43:11,511 INFO o.a.j.g.u.JMeterMenuBar: setRunning(true, *local*)
2026-04-24 22:43:11,545 INFO o.a.j.e.StandardJMeterEngine: Starting ThreadGroup: 1 : Thread Group
2026-04-24 22:43:11,545 INFO o.a.j.e.StandardJMeterEngine: Starting 1 threads for group Thread Group.
2026-04-24 22:43:11,545 INFO o.a.j.e.StandardJMeterEngine: Thread will continue on error
2026-04-24 22:43:11,545 INFO o.a.j.t.ThreadGroup: Starting thread group... number=1 threads=1 ramp-up=1 delayedStart=false
2026-04-24 22:43:11,545 INFO o.a.j.t.ThreadGroup: Started thread group number 1
2026-04-24 22:43:11,545 INFO o.a.j.e.StandardJMeterEngine: All thread groups have been started
2026-04-24 22:43:11,546 INFO o.a.j.t.JMeterThread: Thread started: Thread Group 1-1
2026-04-24 22:43:11,918 INFO o.a.j.t.JMeterThread: Thread is done: Thread Group 1-1
2026-04-24 22:43:11,918 INFO o.a.j.t.JMeterThread: Thread finished: Thread Group 1-1
2026-04-24 22:43:11,919 INFO o.a.j.e.StandardJMeterEngine: Notifying test listeners of end of test
2026-04-24 22:43:11,919 INFO o.a.j.g.u.JMeterMenuBar: setRunning(false, *local*)
2026-04-24 22:43:27,673 INFO o.a.j.e.StandardJMeterEngine: Running the test!
2026-04-24 22:43:27,673 INFO o.a.j.s.SampleEvent: List of sample_variables: []
2026-04-24 22:43:27,673 INFO o.a.j.g.u.JMeterMenuBar: setRunning(true, *local*)
2026-04-24 22:43:27,703 INFO o.a.j.e.StandardJMeterEngine: Starting ThreadGroup: 1 : Thread Group
2026-04-24 22:43:27,703 INFO o.a.j.e.StandardJMeterEngine: Starting 10 threads for group Thread Group.
2026-04-24 22:43:27,703 INFO o.a.j.e.StandardJMeterEngine: Thread will continue on error
2026-04-24 22:43:27,703 INFO o.a.j.t.ThreadGroup: Starting thread group... number=1 threads=10 ramp-up=1 delayedStart=false
2026-04-24 22:43:27,705 INFO o.a.j.t.JMeterThread: Thread started: Thread Group 1-1
2026-04-24 22:43:27,706 INFO o.a.j.t.ThreadGroup: Started thread group number 1
2026-04-24 22:43:27,706 INFO o.a.j.e.StandardJMeterEngine: All thread groups have been started
2026-04-24 22:43:27,806 INFO o.a.j.t.JMeterThread: Thread started: Thread Group 1-2
2026-04-24 22:43:27,907 INFO o.a.j.t.JMeterThread: Thread started: Thread Group 1-3
2026-04-24 22:43:28,007 INFO o.a.j.t.JMeterThread: Thread started: Thread Group 1-4
2026-04-24 22:43:28,011 INFO o.a.j.t.JMeterThread: Thread is done: Thread Group 1-1
2026-04-24 22:43:28,011 INFO o.a.j.t.JMeterThread: Thread finished: Thread Group 1-1
2026-04-24 22:43:28,094 INFO o.a.j.t.JMeterThread: Thread is done: Thread Group 1-2
2026-04-24 22:43:28,094 INFO o.a.j.t.JMeterThread: Thread finished: Thread Group 1-2
2026-04-24 22:43:28,108 INFO o.a.j.t.JMeterThread: Thread started: Thread Group 1-5
2026-04-24 22:43:28,208 INFO o.a.j.t.JMeterThread: Thread started: Thread Group 1-6
2026-04-24 22:43:28,308 INFO o.a.j.t.JMeterThread: Thread started: Thread Group 1-7
2026-04-24 22:43:28,367 INFO o.a.j.t.JMeterThread: Thread is done: Thread Group 1-4
2026-04-24 22:43:28,367 INFO o.a.j.t.JMeterThread: Thread finished: Thread Group 1-4
2026-04-24 22:43:28,385 INFO o.a.j.t.JMeterThread: Thread is done: Thread Group 1-5
2026-04-24 22:43:28,385 INFO o.a.j.t.JMeterThread: Thread finished: Thread Group 1-5
2026-04-24 22:43:28,409 INFO o.a.j.t.JMeterThread: Thread started: Thread Group 1-8
2026-04-24 22:43:28,411 INFO o.a.j.t.JMeterThread: Thread is done: Thread Group 1-3
2026-04-24 22:43:28,411 INFO o.a.j.t.JMeterThread: Thread finished: Thread Group 1-3
2026-04-24 22:43:28,508 INFO o.a.j.t.JMeterThread: Thread started: Thread Group 1-9
2026-04-24 22:43:28,512 INFO o.a.j.t.JMeterThread: Thread is done: Thread Group 1-6
2026-04-24 22:43:28,512 INFO o.a.j.t.JMeterThread: Thread finished: Thread Group 1-6
2026-04-24 22:43:28,606 INFO o.a.j.t.JMeterThread: Thread is done: Thread Group 1-7
2026-04-24 22:43:28,606 INFO o.a.j.t.JMeterThread: Thread finished: Thread Group 1-7
2026-04-24 22:43:28,607 INFO o.a.j.t.JMeterThread: Thread started: Thread Group 1-10
2026-04-24 22:43:28,778 INFO o.a.j.t.JMeterThread: Thread is done: Thread Group 1-9
2026-04-24 22:43:28,778 INFO o.a.j.t.JMeterThread: Thread finished: Thread Group 1-9
2026-04-24 22:43:28,823 INFO o.a.j.t.JMeterThread: Thread is done: Thread Group 1-8
2026-04-24 22:43:28,823 INFO o.a.j.t.JMeterThread: Thread finished: Thread Group 1-8
2026-04-24 22:43:28,921 INFO o.a.j.t.JMeterThread: Thread is done: Thread Group 1-10
2026-04-24 22:43:28,921 INFO o.a.j.t.JMeterThread: Thread finished: Thread Group 1-10
2026-04-24 22:43:28,922 INFO o.a.j.e.StandardJMeterEngine: Notifying test listeners of end of test
2026-04-24 22:43:28,922 INFO o.a.j.g.u.JMeterMenuBar: setRunning(false, *local*)
2026-04-24 22:46:53,268 INFO o.a.j.e.StandardJMeterEngine: Running the test!
2026-04-24 22:46:53,268 INFO o.a.j.s.SampleEvent: List of sample_variables: []
2026-04-24 22:46:53,269 INFO o.a.j.g.u.JMeterMenuBar: setRunning(true, *local*)
2026-04-24 22:46:53,299 INFO o.a.j.e.StandardJMeterEngine: Starting ThreadGroup: 1 : Thread Group
2026-04-24 22:46:53,300 INFO o.a.j.e.StandardJMeterEngine: Starting 1 threads for group Thread Group.
2026-04-24 22:46:53,300 INFO o.a.j.e.StandardJMeterEngine: Thread will continue on error
2026-04-24 22:46:53,300 INFO o.a.j.t.ThreadGroup: Starting thread group... number=1 threads=1 ramp-up=1 delayedStart=false
2026-04-24 22:46:53,300 INFO o.a.j.t.ThreadGroup: Started thread group number 1
2026-04-24 22:46:53,300 INFO o.a.j.e.StandardJMeterEngine: All thread groups have been started
2026-04-24 22:46:53,301 INFO o.a.j.t.JMeterThread: Thread started: Thread Group 1-1
2026-04-24 22:46:53,607 INFO o.a.j.t.JMeterThread: Thread is done: Thread Group 1-1
2026-04-24 22:46:53,607 INFO o.a.j.t.JMeterThread: Thread finished: Thread Group 1-1
2026-04-24 22:46:53,608 INFO o.a.j.e.StandardJMeterEngine: Notifying test listeners of end of test
2026-04-24 22:46:53,608 INFO o.a.j.g.u.JMeterMenuBar: setRunning(false, *local*)
2026-04-24 22:55:53,523 INFO o.a.j.e.StandardJMeterEngine: Running the test!
2026-04-24 22:55:53,524 INFO o.a.j.s.SampleEvent: List of sample_variables: []
2026-04-24 22:55:53,524 INFO o.a.j.g.u.JMeterMenuBar: setRunning(true, *local*)
2026-04-24 22:55:53,555 INFO o.a.j.e.StandardJMeterEngine: Starting ThreadGroup: 1 : Thread Group
2026-04-24 22:55:53,555 INFO o.a.j.e.StandardJMeterEngine: Starting 1 threads for group Thread Group.
2026-04-24 22:55:53,555 INFO o.a.j.e.StandardJMeterEngine: Thread will continue on error
2026-04-24 22:55:53,556 INFO o.a.j.t.ThreadGroup: Starting thread group... number=1 threads=1 ramp-up=1 delayedStart=false
2026-04-24 22:55:53,556 INFO o.a.j.t.ThreadGroup: Started thread group number 1
2026-04-24 22:55:53,556 INFO o.a.j.e.StandardJMeterEngine: All thread groups have been started
2026-04-24 22:55:53,556 INFO o.a.j.t.JMeterThread: Thread started: Thread Group 1-1
2026-04-24 22:55:54,097 INFO o.a.j.t.JMeterThread: Thread is done: Thread Group 1-1
2026-04-24 22:55:54,097 INFO o.a.j.t.JMeterThread: Thread finished: Thread Group 1-1
2026-04-24 22:55:54,098 INFO o.a.j.e.StandardJMeterEngine: Notifying test listeners of end of test
2026-04-24 22:55:54,098 INFO o.a.j.g.u.JMeterMenuBar: setRunning(false, *local*)
2026-04-24 22:56:56,352 INFO o.a.j.e.StandardJMeterEngine: Running the test!
2026-04-24 22:56:56,353 INFO o.a.j.s.SampleEvent: List of sample_variables: []
2026-04-24 22:56:56,353 INFO o.a.j.g.u.JMeterMenuBar: setRunning(true, *local*)
2026-04-24 22:56:56,385 INFO o.a.j.e.StandardJMeterEngine: Starting ThreadGroup: 1 : Thread Group
2026-04-24 22:56:56,385 INFO o.a.j.e.StandardJMeterEngine: Starting 1 threads for group Thread Group.
2026-04-24 22:56:56,385 INFO o.a.j.e.StandardJMeterEngine: Thread will continue on error
2026-04-24 22:56:56,385 INFO o.a.j.t.ThreadGroup: Starting thread group... number=1 threads=1 ramp-up=1 delayedStart=false
2026-04-24 22:56:56,386 INFO o.a.j.t.ThreadGroup: Started thread group number 1
2026-04-24 22:56:56,386 INFO o.a.j.e.StandardJMeterEngine: All thread groups have been started
2026-04-24 22:56:56,386 INFO o.a.j.t.JMeterThread: Thread started: Thread Group 1-1
2026-04-24 22:56:57,425 INFO o.a.j.t.JMeterThread: Thread is done: Thread Group 1-1
2026-04-24 22:56:57,425 INFO o.a.j.t.JMeterThread: Thread finished: Thread Group 1-1
2026-04-24 22:56:57,425 INFO o.a.j.e.StandardJMeterEngine: Notifying test listeners of end of test
2026-04-24 22:56:57,425 INFO o.a.j.g.u.JMeterMenuBar: setRunning(false, *local*)
2026-04-24 22:58:14,676 INFO o.a.j.e.StandardJMeterEngine: Running the test!
2026-04-24 22:58:14,676 INFO o.a.j.s.SampleEvent: List of sample_variables: []
2026-04-24 22:58:14,676 INFO o.a.j.g.u.JMeterMenuBar: setRunning(true, *local*)
2026-04-24 22:58:14,706 INFO o.a.j.e.StandardJMeterEngine: Starting ThreadGroup: 1 : Thread Group
2026-04-24 22:58:14,706 INFO o.a.j.e.StandardJMeterEngine: Starting 1 threads for group Thread Group.
2026-04-24 22:58:14,706 INFO o.a.j.e.StandardJMeterEngine: Thread will continue on error
2026-04-24 22:58:14,707 INFO o.a.j.t.ThreadGroup: Starting thread group... number=1 threads=1 ramp-up=1 delayedStart=false
2026-04-24 22:58:14,707 INFO o.a.j.t.ThreadGroup: Started thread group number 1
2026-04-24 22:58:14,707 INFO o.a.j.e.StandardJMeterEngine: All thread groups have been started
2026-04-24 22:58:14,707 INFO o.a.j.t.JMeterThread: Thread started: Thread Group 1-1
2026-04-24 22:58:15,211 INFO o.a.j.t.JMeterThread: Thread is done: Thread Group 1-1
2026-04-24 22:58:15,211 INFO o.a.j.t.JMeterThread: Thread finished: Thread Group 1-1
2026-04-24 22:58:15,211 INFO o.a.j.e.StandardJMeterEngine: Notifying test listeners of end of test
2026-04-24 22:58:15,212 INFO o.a.j.g.u.JMeterMenuBar: setRunning(false, *local*)
2026-04-24 22:59:12,052 INFO o.a.j.e.StandardJMeterEngine: Running the test!
2026-04-24 22:59:12,052 INFO o.a.j.s.SampleEvent: List of sample_variables: []
2026-04-24 22:59:12,053 INFO o.a.j.g.u.JMeterMenuBar: setRunning(true, *local*)
2026-04-24 22:59:12,089 INFO o.a.j.e.StandardJMeterEngine: Starting ThreadGroup: 1 : Thread Group
2026-04-24 22:59:12,089 INFO o.a.j.e.StandardJMeterEngine: Starting 1 threads for group Thread Group.
2026-04-24 22:59:12,089 INFO o.a.j.e.StandardJMeterEngine: Thread will continue on error
2026-04-24 22:59:12,089 INFO o.a.j.t.ThreadGroup: Starting thread group... number=1 threads=1 ramp-up=1 delayedStart=false
2026-04-24 22:59:12,090 INFO o.a.j.t.ThreadGroup: Started thread group number 1
2026-04-24 22:59:12,090 INFO o.a.j.e.StandardJMeterEngine: All thread groups have been started
2026-04-24 22:59:12,091 INFO o.a.j.t.JMeterThread: Thread started: Thread Group 1-1
2026-04-24 22:59:12,563 INFO o.a.j.t.JMeterThread: Thread is done: Thread Group 1-1
2026-04-24 22:59:12,563 INFO o.a.j.t.JMeterThread: Thread finished: Thread Group 1-1
2026-04-24 22:59:12,564 INFO o.a.j.e.StandardJMeterEngine: Notifying test listeners of end of test
2026-04-24 22:59:12,564 INFO o.a.j.g.u.JMeterMenuBar: setRunning(false, *local*)
2026-04-25 00:27:31,458 INFO o.a.j.e.StandardJMeterEngine: Running the test!
2026-04-25 00:27:31,458 INFO o.a.j.s.SampleEvent: List of sample_variables: []
2026-04-25 00:27:31,459 INFO o.a.j.g.u.JMeterMenuBar: setRunning(true, *local*)
2026-04-25 00:27:31,494 INFO o.a.j.e.StandardJMeterEngine: Starting ThreadGroup: 1 : Thread Group
2026-04-25 00:27:31,494 INFO o.a.j.e.StandardJMeterEngine: Starting 1 threads for group Thread Group.
2026-04-25 00:27:31,494 INFO o.a.j.e.StandardJMeterEngine: Thread will continue on error
2026-04-25 00:27:31,495 INFO o.a.j.t.ThreadGroup: Starting thread group... number=1 threads=1 ramp-up=1 delayedStart=false
2026-04-25 00:27:31,495 INFO o.a.j.t.ThreadGroup: Started thread group number 1
2026-04-25 00:27:31,495 INFO o.a.j.e.StandardJMeterEngine: All thread groups have been started
2026-04-25 00:27:31,495 INFO o.a.j.t.JMeterThread: Thread started: Thread Group 1-1
2026-04-25 00:27:32,287 INFO o.a.j.t.JMeterThread: Thread is done: Thread Group 1-1
2026-04-25 00:27:32,287 INFO o.a.j.t.JMeterThread: Thread finished: Thread Group 1-1
2026-04-25 00:27:32,287 INFO o.a.j.e.StandardJMeterEngine: Notifying test listeners of end of test
2026-04-25 00:27:32,287 INFO o.a.j.g.u.JMeterMenuBar: setRunning(false, *local*)
2026-04-25 00:27:56,591 INFO o.a.j.e.StandardJMeterEngine: Running the test!
2026-04-25 00:27:56,591 INFO o.a.j.s.SampleEvent: List of sample_variables: []
2026-04-25 00:27:56,591 INFO o.a.j.g.u.JMeterMenuBar: setRunning(true, *local*)
2026-04-25 00:27:56,633 INFO o.a.j.e.StandardJMeterEngine: Starting ThreadGroup: 1 : Thread Group
2026-04-25 00:27:56,634 INFO o.a.j.e.StandardJMeterEngine: Starting 1 threads for group Thread Group.
2026-04-25 00:27:56,634 INFO o.a.j.e.StandardJMeterEngine: Thread will continue on error
2026-04-25 00:27:56,634 INFO o.a.j.t.ThreadGroup: Starting thread group... number=1 threads=1 ramp-up=1 delayedStart=false
2026-04-25 00:27:56,634 INFO o.a.j.t.ThreadGroup: Started thread group number 1
2026-04-25 00:27:56,634 INFO o.a.j.e.StandardJMeterEngine: All thread groups have been started
2026-04-25 00:27:56,635 INFO o.a.j.t.JMeterThread: Thread started: Thread Group 1-1
2026-04-25 00:27:57,792 INFO o.a.j.t.JMeterThread: Thread is done: Thread Group 1-1
2026-04-25 00:27:57,793 INFO o.a.j.t.JMeterThread: Thread finished: Thread Group 1-1
2026-04-25 00:27:57,793 INFO o.a.j.e.StandardJMeterEngine: Notifying test listeners of end of test
2026-04-25 00:27:57,793 INFO o.a.j.g.u.JMeterMenuBar: setRunning(false, *local*)
2026-04-25 01:48:42,402 INFO o.a.j.e.StandardJMeterEngine: Running the test!
2026-04-25 01:48:42,405 INFO o.a.j.s.SampleEvent: List of sample_variables: []
2026-04-25 01:48:42,406 INFO o.a.j.g.u.JMeterMenuBar: setRunning(true, *local*)
2026-04-25 01:48:42,423 INFO o.a.j.e.StandardJMeterEngine: Starting ThreadGroup: 1 : Thread Group
2026-04-25 01:48:42,424 INFO o.a.j.e.StandardJMeterEngine: Starting 1 threads for group Thread Group.
2026-04-25 01:48:42,424 INFO o.a.j.e.StandardJMeterEngine: Thread will continue on error
2026-04-25 01:48:42,424 INFO o.a.j.t.ThreadGroup: Starting thread group... number=1 threads=1 ramp-up=1 delayedStart=false
2026-04-25 01:48:42,424 INFO o.a.j.t.ThreadGroup: Started thread group number 1
2026-04-25 01:48:42,425 INFO o.a.j.e.StandardJMeterEngine: All thread groups have been started
2026-04-25 01:48:42,425 INFO o.a.j.t.JMeterThread: Thread started: Thread Group 1-1
2026-04-25 01:48:43,214 INFO o.a.j.t.JMeterThread: Thread is done: Thread Group 1-1
2026-04-25 01:48:43,214 INFO o.a.j.t.JMeterThread: Thread finished: Thread Group 1-1
2026-04-25 01:48:43,215 INFO o.a.j.e.StandardJMeterEngine: Notifying test listeners of end of test
2026-04-25 01:48:43,215 INFO o.a.j.g.u.JMeterMenuBar: setRunning(false, *local*)
2026-04-25 01:51:38,632 INFO o.a.j.e.StandardJMeterEngine: Running the test!
2026-04-25 01:51:38,632 INFO o.a.j.s.SampleEvent: List of sample_variables: []
2026-04-25 01:51:38,633 INFO o.a.j.g.u.JMeterMenuBar: setRunning(true, *local*)
2026-04-25 01:51:38,677 INFO o.a.j.e.StandardJMeterEngine: Starting ThreadGroup: 1 : Thread Group
2026-04-25 01:51:38,677 INFO o.a.j.e.StandardJMeterEngine: Starting 1 threads for group Thread Group.
2026-04-25 01:51:38,677 INFO o.a.j.e.StandardJMeterEngine: Thread will continue on error
2026-04-25 01:51:38,677 INFO o.a.j.t.ThreadGroup: Starting thread group... number=1 threads=1 ramp-up=1 delayedStart=false
2026-04-25 01:51:38,678 INFO o.a.j.t.ThreadGroup: Started thread group number 1
2026-04-25 01:51:38,678 INFO o.a.j.e.StandardJMeterEngine: All thread groups have been started
2026-04-25 01:51:38,678 INFO o.a.j.t.JMeterThread: Thread started: Thread Group 1-1
2026-04-25 01:51:39,619 INFO o.a.j.t.JMeterThread: Thread is done: Thread Group 1-1
2026-04-25 01:51:39,620 INFO o.a.j.t.JMeterThread: Thread finished: Thread Group 1-1
2026-04-25 01:51:39,620 INFO o.a.j.e.StandardJMeterEngine: Notifying test listeners of end of test
2026-04-25 01:51:39,620 INFO o.a.j.g.u.JMeterMenuBar: setRunning(false, *local*)
2026-04-25 01:51:46,478 INFO o.a.j.e.StandardJMeterEngine: Running the test!
2026-04-25 01:51:46,478 INFO o.a.j.s.SampleEvent: List of sample_variables: []
2026-04-25 01:51:46,479 INFO o.a.j.g.u.JMeterMenuBar: setRunning(true, *local*)
2026-04-25 01:51:46,509 INFO o.a.j.e.StandardJMeterEngine: Starting ThreadGroup: 1 : Thread Group
2026-04-25 01:51:46,509 INFO o.a.j.e.StandardJMeterEngine: Starting 1 threads for group Thread Group.
2026-04-25 01:51:46,510 INFO o.a.j.e.StandardJMeterEngine: Thread will continue on error
2026-04-25 01:51:46,510 INFO o.a.j.t.ThreadGroup: Starting thread group... number=1 threads=1 ramp-up=1 delayedStart=false
2026-04-25 01:51:46,510 INFO o.a.j.t.ThreadGroup: Started thread group number 1
2026-04-25 01:51:46,510 INFO o.a.j.e.StandardJMeterEngine: All thread groups have been started
2026-04-25 01:51:46,510 INFO o.a.j.t.JMeterThread: Thread started: Thread Group 1-1
2026-04-25 01:51:47,354 INFO o.a.j.t.JMeterThread: Thread is done: Thread Group 1-1
2026-04-25 01:51:47,354 INFO o.a.j.t.JMeterThread: Thread finished: Thread Group 1-1
2026-04-25 01:51:47,355 INFO o.a.j.e.StandardJMeterEngine: Notifying test listeners of end of test
2026-04-25 01:51:47,355 INFO o.a.j.g.u.JMeterMenuBar: setRunning(false, *local*)
2026-04-25 01:53:19,312 INFO o.a.j.e.StandardJMeterEngine: Running the test!
2026-04-25 01:53:19,312 INFO o.a.j.s.SampleEvent: List of sample_variables: []
2026-04-25 01:53:19,312 INFO o.a.j.g.u.JMeterMenuBar: setRunning(true, *local*)
2026-04-25 01:53:19,343 INFO o.a.j.e.StandardJMeterEngine: Starting ThreadGroup: 1 : Thread Group
2026-04-25 01:53:19,343 INFO o.a.j.e.StandardJMeterEngine: Starting 1 threads for group Thread Group.
2026-04-25 01:53:19,343 INFO o.a.j.e.StandardJMeterEngine: Thread will continue on error
2026-04-25 01:53:19,343 INFO o.a.j.t.ThreadGroup: Starting thread group... number=1 threads=1 ramp-up=1 delayedStart=false
2026-04-25 01:53:19,344 INFO o.a.j.t.ThreadGroup: Started thread group number 1
2026-04-25 01:53:19,344 INFO o.a.j.e.StandardJMeterEngine: All thread groups have been started
2026-04-25 01:53:19,344 INFO o.a.j.t.JMeterThread: Thread started: Thread Group 1-1
2026-04-25 01:53:20,405 INFO o.a.j.t.JMeterThread: Thread is done: Thread Group 1-1
2026-04-25 01:53:20,405 INFO o.a.j.t.JMeterThread: Thread finished: Thread Group 1-1
2026-04-25 01:53:20,405 INFO o.a.j.e.StandardJMeterEngine: Notifying test listeners of end of test
2026-04-25 01:53:20,406 INFO o.a.j.g.u.JMeterMenuBar: setRunning(false, *local*)
2026-04-25 01:54:05,851 INFO o.a.j.e.StandardJMeterEngine: Running the test!
2026-04-25 01:54:05,852 INFO o.a.j.s.SampleEvent: List of sample_variables: []
2026-04-25 01:54:05,852 INFO o.a.j.g.u.JMeterMenuBar: setRunning(true, *local*)
2026-04-25 01:54:05,885 INFO o.a.j.e.StandardJMeterEngine: Starting ThreadGroup: 1 : Thread Group
2026-04-25 01:54:05,885 INFO o.a.j.e.StandardJMeterEngine: Starting 1 threads for group Thread Group.
2026-04-25 01:54:05,885 INFO o.a.j.e.StandardJMeterEngine: Thread will continue on error
2026-04-25 01:54:05,885 INFO o.a.j.t.ThreadGroup: Starting thread group... number=1 threads=1 ramp-up=1 delayedStart=false
2026-04-25 01:54:05,885 INFO o.a.j.t.ThreadGroup: Started thread group number 1
2026-04-25 01:54:05,886 INFO o.a.j.e.StandardJMeterEngine: All thread groups have been started
2026-04-25 01:54:05,886 INFO o.a.j.t.JMeterThread: Thread started: Thread Group 1-1
2026-04-25 01:54:06,977 INFO o.a.j.t.JMeterThread: Thread is done: Thread Group 1-1
2026-04-25 01:54:06,977 INFO o.a.j.t.JMeterThread: Thread finished: Thread Group 1-1
2026-04-25 01:54:06,977 INFO o.a.j.e.StandardJMeterEngine: Notifying test listeners of end of test
2026-04-25 01:54:06,977 INFO o.a.j.g.u.JMeterMenuBar: setRunning(false, *local*)
2026-04-25 01:55:22,081 INFO o.a.j.e.StandardJMeterEngine: Running the test!
2026-04-25 01:55:22,081 INFO o.a.j.s.SampleEvent: List of sample_variables: []
2026-04-25 01:55:22,082 INFO o.a.j.g.u.JMeterMenuBar: setRunning(true, *local*)
2026-04-25 01:55:22,112 INFO o.a.j.e.StandardJMeterEngine: Starting ThreadGroup: 1 : Thread Group
2026-04-25 01:55:22,112 INFO o.a.j.e.StandardJMeterEngine: Starting 1 threads for group Thread Group.
2026-04-25 01:55:22,112 INFO o.a.j.e.StandardJMeterEngine: Thread will continue on error
2026-04-25 01:55:22,112 INFO o.a.j.t.ThreadGroup: Starting thread group... number=1 threads=1 ramp-up=1 delayedStart=false
2026-04-25 01:55:22,112 INFO o.a.j.t.ThreadGroup: Started thread group number 1
2026-04-25 01:55:22,112 INFO o.a.j.e.StandardJMeterEngine: All thread groups have been started
2026-04-25 01:55:22,113 INFO o.a.j.t.JMeterThread: Thread started: Thread Group 1-1
2026-04-25 01:55:23,305 INFO o.a.j.t.JMeterThread: Thread is done: Thread Group 1-1
2026-04-25 01:55:23,305 INFO o.a.j.t.JMeterThread: Thread finished: Thread Group 1-1
2026-04-25 01:55:23,305 INFO o.a.j.e.StandardJMeterEngine: Notifying test listeners of end of test
2026-04-25 01:55:23,305 INFO o.a.j.g.u.JMeterMenuBar: setRunning(false, *local*)
2026-04-25 01:57:07,820 INFO o.a.j.e.StandardJMeterEngine: Running the test!
2026-04-25 01:57:07,820 INFO o.a.j.s.SampleEvent: List of sample_variables: []
2026-04-25 01:57:07,820 INFO o.a.j.g.u.JMeterMenuBar: setRunning(true, *local*)
2026-04-25 01:57:07,853 INFO o.a.j.e.StandardJMeterEngine: Starting ThreadGroup: 1 : Thread Group
2026-04-25 01:57:07,853 INFO o.a.j.e.StandardJMeterEngine: Starting 1 threads for group Thread Group.
2026-04-25 01:57:07,853 INFO o.a.j.e.StandardJMeterEngine: Thread will continue on error
2026-04-25 01:57:07,853 INFO o.a.j.t.ThreadGroup: Starting thread group... number=1 threads=1 ramp-up=1 delayedStart=false
2026-04-25 01:57:07,854 INFO o.a.j.t.ThreadGroup: Started thread group number 1
2026-04-25 01:57:07,854 INFO o.a.j.e.StandardJMeterEngine: All thread groups have been started
2026-04-25 01:57:07,854 INFO o.a.j.t.JMeterThread: Thread started: Thread Group 1-1
2026-04-25 01:57:08,893 INFO o.a.j.t.JMeterThread: Thread is done: Thread Group 1-1
2026-04-25 01:57:08,893 INFO o.a.j.t.JMeterThread: Thread finished: Thread Group 1-1
2026-04-25 01:57:08,894 INFO o.a.j.e.StandardJMeterEngine: Notifying test listeners of end of test
2026-04-25 01:57:08,894 INFO o.a.j.g.u.JMeterMenuBar: setRunning(false, *local*)
2026-04-25 02:10:04,010 INFO o.a.j.g.JMeterUIDefaults: Applying font scale factor: 1.1
2026-04-25 02:10:08,902 INFO o.a.j.g.JMeterUIDefaults: Applying font scale factor: 1.21
2026-04-25 02:10:12,304 INFO o.a.j.g.JMeterUIDefaults: Applying font scale factor: 1.3310001
2026-04-25 02:10:17,090 INFO o.a.j.g.JMeterUIDefaults: Applying font scale factor: 1.4641001
2026-04-25 02:10:19,157 INFO o.a.j.g.JMeterUIDefaults: Applying font scale factor: 1.6105101
2026-04-25 02:15:54,573 INFO o.a.j.g.JMeterUIDefaults: Applying font scale factor: 1.4641001
2026-04-25 02:16:11,026 INFO o.a.j.g.JMeterUIDefaults: Applying font scale factor: 1.3310001
2026-04-25 02:18:35,774 INFO o.a.j.g.JMeterUIDefaults: Applying font scale factor: 1.4641001
2026-04-25 02:18:37,485 INFO o.a.j.g.JMeterUIDefaults: Applying font scale factor: 1.6105101
2026-04-25 02:19:03,569 INFO o.a.j.g.JMeterUIDefaults: Applying font scale factor: 1.4641001
2026-04-25 02:19:05,789 INFO o.a.j.g.JMeterUIDefaults: Applying font scale factor: 1.3310001
2026-04-25 02:20:17,172 INFO o.a.j.g.JMeterUIDefaults: Applying font scale factor: 1.4641001
2026-04-25 02:20:20,036 INFO o.a.j.g.JMeterUIDefaults: Applying font scale factor: 1.6105101
2026-04-25 02:20:35,116 INFO o.a.j.g.JMeterUIDefaults: Applying font scale factor: 1.4641001
2026-04-25 02:20:37,528 INFO o.a.j.g.JMeterUIDefaults: Applying font scale factor: 1.3310001
2026-04-25 02:20:40,450 INFO o.a.j.g.JMeterUIDefaults: Applying font scale factor: 1.21
2026-04-25 02:20:46,008 INFO o.a.j.g.JMeterUIDefaults: Applying font scale factor: 1.1
2026-04-25 02:21:06,402 INFO o.a.j.g.JMeterUIDefaults: Applying font scale factor: 1.1
2026-04-25 02:23:14,427 INFO o.a.j.g.JMeterUIDefaults: Applying font scale factor: 1.21
2026-04-25 02:23:18,181 INFO o.a.j.g.JMeterUIDefaults: Applying font scale factor: 1.3310001
2026-04-25 02:23:23,637 INFO o.a.j.g.JMeterUIDefaults: Applying font scale factor: 1.4641001
2026-04-25 02:23:28,962 INFO o.a.j.g.JMeterUIDefaults: Applying font scale factor: 1.6105101
2026-04-25 02:23:32,615 INFO o.a.j.g.JMeterUIDefaults: Applying font scale factor: 1.7715611
2026-04-25 02:23:37,504 INFO o.a.j.g.JMeterUIDefaults: Applying font scale factor: 1.9487174
2026-04-25 02:35:37,928 INFO o.a.j.g.JMeterUIDefaults: Applying font scale factor: 1.7715611
2026-04-25 02:35:39,597 INFO o.a.j.g.JMeterUIDefaults: Applying font scale factor: 1.6105101
2026-04-25 02:35:41,394 INFO o.a.j.g.JMeterUIDefaults: Applying font scale factor: 1.4641001
2026-04-25 02:35:45,065 INFO o.a.j.g.JMeterUIDefaults: Applying font scale factor: 1.3310001
2026-04-25 02:35:47,831 INFO o.a.j.g.JMeterUIDefaults: Applying font scale factor: 1.21
2026-04-25 02:35:52,246 INFO o.a.j.g.JMeterUIDefaults: Applying font scale factor: 1.1
2026-04-25 02:40:13,364 INFO o.a.j.g.JMeterUIDefaults: Applying font scale factor: 1.21
2026-04-25 02:40:15,726 INFO o.a.j.g.JMeterUIDefaults: Applying font scale factor: 1.3310001
2026-04-25 02:40:17,428 INFO o.a.j.g.JMeterUIDefaults: Applying font scale factor: 1.4641001
2026-04-25 02:40:18,843 INFO o.a.j.g.JMeterUIDefaults: Applying font scale factor: 1.6105101
2026-04-25 02:40:21,695 INFO o.a.j.g.JMeterUIDefaults: Applying font scale factor: 1.7715611
2026-04-25 02:40:23,715 INFO o.a.j.g.JMeterUIDefaults: Applying font scale factor: 1.9487174
2026-04-25 02:40:25,020 INFO o.a.j.g.JMeterUIDefaults: Applying font scale factor: 2.143589
2026-04-25 02:41:04,327 INFO o.a.j.g.JMeterUIDefaults: Applying font scale factor: 1.9487172
2026-04-25 02:41:19,969 INFO o.a.j.g.JMeterUIDefaults: Applying font scale factor: 1.771561
2026-04-25 02:41:21,559 INFO o.a.j.g.JMeterUIDefaults: Applying font scale factor: 1.61051
2026-04-25 02:41:23,125 INFO o.a.j.g.JMeterUIDefaults: Applying font scale factor: 1.4641
2026-04-25 02:41:24,350 INFO o.a.j.g.JMeterUIDefaults: Applying font scale factor: 1.331
2026-04-25 02:41:29,354 INFO o.a.j.g.JMeterUIDefaults: Applying font scale factor: 1.2099999
2026-04-25 02:41:33,208 INFO o.a.j.g.JMeterUIDefaults: Applying font scale factor: 1.0999999
